<?xml version="1.0" encoding="utf-8"?><testsuites name="pytest tests"><testsuite name="pytest" errors="0" failures="7" skipped="6" tests="1914" time="1060.386" timestamp="2026-09-19T01:52:58.289460+02:00" hostname="DESKTOP-3Q8R7SJ"><testcase classname="tests.test_accel.TestOnnxProviders" name="test_cuda_keeps_priority_on_windows" time="0.007" /><testcase classname="tests.test_accel.TestOnnxProviders" name="test_windows_cpu_only_unchanged" time="0.003" /><testcase classname="tests.test_accel.TestOnnxProviders" name="test_macos_adds_coreml_before_cpu" time="0.003" /><testcase classname="tests.test_accel.TestOnnxProviders" name="test_macos_cuda_still_wins" time="0.003" /><testcase classname="tests.test_accel.TestOnnxProviders" name="test_no_onnxruntime_falls_back_to_cpu" time="0.003" /><testcase classname="tests.test_accel.TestClassify" name="test_cuda" time="0.003" /><testcase classname="tests.test_accel.TestClassify" name="test_coreml_partial_offload" time="0.003" /><testcase classname="tests.test_accel.TestClassify" name="test_cpu_only" time="0.003" /><testcase classname="tests.test_accel.TestClassify" name="test_empty" time="0.003" /><testcase classname="tests.test_accel.TestRegistry" name="test_summary_empty" time="0.002" /><testcase classname="tests.test_accel.TestRegistry" name="test_summary_prefers_strongest" time="0.003" /><testcase classname="tests.test_accel.TestRegistry" name="test_report_onnx_classifies" time="0.002" /><testcase classname="tests.test_accel.TestRegistry" name="test_detail_lines" time="0.003" /><testcase classname="tests.test_ai_face_detection_service" name="test_detect_images_persists_results" time="1.422" /><testcase classname="tests.test_ai_face_detection_service" name="test_rerun_replaces_previous_rows" time="0.457" /><testcase classname="tests.test_ai_face_detection_service" name="test_config_thresholds_are_forwarded_to_detector" time="1.118" /><testcase classname="tests.test_ai_face_detection_service" name="test_missing_model_reports_error_without_raising" time="1.334" /><testcase classname="tests.test_ai_face_detection_service" name="test_unreadable_image_is_counted_failed_and_batch_continues" time="0.438" /><testcase classname="tests.test_ai_face_detection_service" name="test_disabled_config_is_a_noop" time="0.778" /><testcase classname="tests.test_ai_face_detection_service" name="test_verifier_drops_unconfirmed_low_confidence" time="0.829" /><testcase classname="tests.test_ai_face_detection_service" name="test_verification_disabled_keeps_all" time="0.582" /><testcase classname="tests.test_ai_face_detection_service" name="test_without_detection_config_gate_is_skipped" time="1.352" /><testcase classname="tests.test_ai_face_detection_service" name="test_verifier_keeps_confirmed_low_confidence" time="0.434" /><testcase classname="tests.test_ai_face_detection_service" name="test_dropped_count_is_recorded_on_stats" time="0.896" /><testcase classname="tests.test_ai_face_detection_service" name="test_landmark_geometry_flag_reaches_lazy_detector" time="2.676" /><testcase classname="tests.test_ai_face_detection_service" name="test_classic_face_rows_and_flags_stay_untouched" time="0.462" /><testcase classname="tests.test_alignment.TestSquareCrop" name="test_output_size_is_exact" time="0.004" /><testcase classname="tests.test_alignment.TestSquareCrop" name="test_aspect_ratio_preserved_for_tall_box" time="0.004" /><testcase classname="tests.test_alignment.TestSquareCrop" name="test_box_at_edge_is_padded_not_distorted" time="0.003" /><testcase classname="tests.test_alignment.TestSquareCrop" name="test_degenerate_box_returns_none" time="0.003" /><testcase classname="tests.test_alignment.TestAlign5pt" name="test_landmarks_map_to_template" time="0.004" /><testcase classname="tests.test_alignment.TestAlign5pt" name="test_wrong_landmark_count_returns_none" time="0.003" /><testcase classname="tests.test_alignment.TestMakeFaceCrop" name="test_legacy_mode_matches_old_behaviour" time="0.003" /><testcase classname="tests.test_alignment.TestMakeFaceCrop" name="test_aligned_falls_back_to_square_without_landmarks" time="0.003" /><testcase classname="tests.test_alignment.TestMakeFaceCrop" name="test_aligned_with_landmarks_warps_to_template" time="0.004" /><testcase classname="tests.test_alignment.TestMakeFaceCrop" name="test_template_unchanged_module_constant" time="0.004" /><testcase classname="tests.test_app_settings.TestAppQsettings" name="test_returns_ini_backed_settings" time="0.305" /><testcase classname="tests.test_app_settings.TestAppQsettings" name="test_same_file_on_repeated_calls" time="0.172" /><testcase classname="tests.test_app_settings.TestMigrateLegacySettings" name="test_no_op_when_new_file_exists" time="0.191" /><testcase classname="tests.test_app_settings.TestMigrateLegacySettings" name="test_no_op_when_legacy_store_empty" time="0.047" /><testcase classname="tests.test_app_settings.TestMigrateLegacySettings" name="test_migrates_keys_from_legacy_store" time="0.306" /><testcase classname="tests.test_app_settings.TestMigrateLegacySettings" name="test_second_call_is_idempotent" time="0.394" /><testcase classname="tests.test_astro_export_worker.TestAstroExportWorker" name="test_emits_finished_ok" time="0.035" /><testcase classname="tests.test_astro_export_worker.TestAstroExportWorker" name="test_reports_progress" time="0.014" /><testcase classname="tests.test_astro_export_worker.TestAstroExportWorker" name="test_node_error_kind" time="0.009" /><testcase classname="tests.test_astro_export_worker.TestAstroExportWorker" name="test_generic_error_kind" time="0.010" /><testcase classname="tests.test_audio_level_meter" name="test_level_to_fraction_clamps_and_scales" time="0.003" /><testcase classname="tests.test_build_release_workflow" name="test_release_artifact_download_inline_python_compiles" time="0.005" /><testcase classname="tests.test_bulk_reassign" name="test_bulk_move_some_faces" time="0.428" /><testcase classname="tests.test_bulk_reassign" name="test_bulk_move_is_atomic_with_missing_target" time="0.429" /><testcase classname="tests.test_bulk_reassign" name="test_bulk_move_skips_missing_and_already_assigned" time="1.034" /><testcase classname="tests.test_bulk_reassign" name="test_undo_restores_original_person" time="0.426" /><testcase classname="tests.test_bulk_reassign" name="test_undo_recreates_emptied_unknown_cluster" time="0.618" /><testcase classname="tests.test_cleanup_empty_unknown_persons" name="test_empty_unknown_person_is_deleted" time="0.390" /><testcase classname="tests.test_cleanup_empty_unknown_persons" name="test_unknown_person_with_a_face_is_kept" time="0.442" /><testcase classname="tests.test_cleanup_empty_unknown_persons" name="test_protected_unknown_person_is_never_deleted" time="0.477" /><testcase classname="tests.test_cleanup_empty_unknown_persons" name="test_named_person_without_faces_is_kept" time="0.801" /><testcase classname="tests.test_cleanup_empty_unknown_persons" name="test_multiple_empty_unknown_persons_all_deleted" time="0.509" /><testcase classname="tests.test_cleanup_empty_unknown_persons" name="test_cleanup_is_a_noop_when_nothing_empty" time="0.393" /><testcase classname="tests.test_cleanup_empty_unknown_persons" name="test_reassigning_last_face_cleans_up_source_unknown" time="0.454" /><testcase classname="tests.test_cluster_panel_lazy" name="test_only_visible_rows_load" time="0.033" /><testcase classname="tests.test_cluster_panel_lazy" name="test_widgets_without_loader_are_skipped" time="0.010" /><testcase classname="tests.test_cluster_panel_merge" name="test_merged_collapses_multi_group_to_one_tile" time="0.007" /><testcase classname="tests.test_cluster_panel_merge" name="test_expanding_group_splices_members" time="0.007" /><testcase classname="tests.test_cluster_panel_merge" name="test_unmerged_mode_shows_every_face" time="0.007" /><testcase classname="tests.test_cluster_panel_merge" name="test_toggle_handler_flips_expansion" time="0.008" /><testcase classname="tests.test_cluster_panel_smoke" name="test_show_sort_and_merge_roundtrip" time="0.033" /><testcase classname="tests.test_cluster_panel_sort" name="test_date_ascending_orders_oldest_first_unknown_last" time="0.007" /><testcase classname="tests.test_cluster_panel_sort" name="test_date_descending_orders_newest_first_unknown_last" time="0.007" /><testcase classname="tests.test_cluster_panel_sort" name="test_original_order_preserved" time="0.007" /><testcase classname="tests.test_cluster_panel_sort" name="test_quality_orders_best_first_unscored_as_usable" time="0.007" /><testcase classname="tests.test_clustering.TestCosineDistance" name="test_identical_vectors" time="0.004" /><testcase classname="tests.test_clustering.TestCosineDistance" name="test_orthogonal_vectors" time="0.003" /><testcase classname="tests.test_clustering.TestCosineDistance" name="test_opposite_vectors" time="0.003" /><testcase classname="tests.test_clustering.TestClusterEmbeddings" name="test_two_clear_clusters" time="0.065" /><testcase classname="tests.test_clustering.TestClusterEmbeddings" name="test_empty_input" time="0.002" /><testcase classname="tests.test_clustering.TestClusterEmbeddings" name="test_single_face_becomes_noise" time="0.026" /><testcase classname="tests.test_clustering.TestClusterEmbeddings" name="test_same_pair_constraint_merges_clusters" time="0.050" /><testcase classname="tests.test_clustering.TestCentroid" name="test_centroid_of_identical_vectors" time="0.003" /><testcase classname="tests.test_clustering.TestCentroid" name="test_centroid_is_unit_length" time="0.003" /><testcase classname="tests.test_clustering_service.TestOrphanCleanup" name="test_run_removes_orphan_auto_persons" time="0.456" /><testcase classname="tests.test_clustering_service.TestOrphanCleanup" name="test_run_does_not_orphan_assigned_faces" time="0.516" /><testcase classname="tests.test_collage_parser.TestParseCollageFile" name="test_returns_collage_data" time="0.011" /><testcase classname="tests.test_collage_parser.TestParseCollageFile" name="test_cfx_extension_accepted" time="0.009" /><testcase classname="tests.test_collage_parser.TestParseCollageFile" name="test_collage_uid" time="0.009" /><testcase classname="tests.test_collage_parser.TestParseCollageFile" name="test_format_parsed" time="0.009" /><testcase classname="tests.test_collage_parser.TestParseCollageFile" name="test_orientation" time="0.009" /><testcase classname="tests.test_collage_parser.TestParseCollageFile" name="test_album_title" time="0.010" /><testcase classname="tests.test_collage_parser.TestParseCollageFile" name="test_album_date" time="0.010" /><testcase classname="tests.test_collage_parser.TestParseCollageFile" name="test_bg_color" time="0.010" /><testcase classname="tests.test_collage_parser.TestParseCollageFile" name="test_spacing" time="0.009" /><testcase classname="tests.test_collage_parser.TestParseCollageFile" name="test_node_count" time="0.009" /><testcase classname="tests.test_collage_parser.TestParseCollageFile" name="test_node_geometry" time="0.009" /><testcase classname="tests.test_collage_parser.TestParseCollageFile" name="test_node_theta_and_scale" time="0.200" /><testcase classname="tests.test_collage_parser.TestParseCollageFile" name="test_node_theme" time="0.024" /><testcase classname="tests.test_collage_parser.TestParseCollageFile" name="test_node_uid" time="0.014" /><testcase classname="tests.test_collage_parser.TestParseCollageFile" name="test_node_src_raw" time="0.012" /><testcase classname="tests.test_collage_parser.TestParseCollageFile" name="test_missing_src_marked" time="0.012" /><testcase classname="tests.test_collage_parser.TestParseCollageFile" name="test_source_file_stored" time="0.013" /><testcase classname="tests.test_collage_parser.TestParseCollageFile" name="test_file_not_found_raises" time="0.006" /><testcase classname="tests.test_collage_parser.TestParsePartialXml" name="test_partial_xml_recovered" time="0.008" /><testcase classname="tests.test_collage_parser.TestPathResolution" name="test_drive_prefix_stripped" time="0.003" /><testcase classname="tests.test_collage_parser.TestPathResolution" name="test_lowercase_drive" time="0.003" /><testcase classname="tests.test_collage_parser.TestPathResolution" name="test_no_drive_prefix" time="0.003" /><testcase classname="tests.test_collage_parser.TestPathResolution" name="test_resolve_existing_file_relative_to_collage" time="0.007" /><testcase classname="tests.test_collage_parser.TestPathResolution" name="test_resolve_by_filename_fallback" time="0.009" /><testcase classname="tests.test_collage_parser.TestPathResolution" name="test_returns_none_if_not_found" time="0.007" /><testcase classname="tests.test_collage_parser.TestProjectFaceToCollage" name="test_full_canvas_no_zoom_face_center" time="0.002" /><testcase classname="tests.test_collage_parser.TestProjectFaceToCollage" name="test_node_in_top_left_quarter" time="0.003" /><testcase classname="tests.test_collage_parser.TestProjectFaceToCollage" name="test_zoom_clips_face_outside_view" time="0.003" /><testcase classname="tests.test_collage_parser.TestProjectFaceToCollage" name="test_zoom_100_square_full_image" time="0.003" /><testcase classname="tests.test_collage_parser.TestProjectFaceToCollage" name="test_returns_none_for_zero_dimensions" time="0.003" /><testcase classname="tests.test_collage_parser.TestProjectFaceToCollage" name="test_returns_none_for_zero_image" time="0.003" /><testcase classname="tests.test_collage_parser.TestProjectFaceToCollage" name="test_pixel_bbox_helper" time="0.003" /><testcase classname="tests.test_collage_parser.TestProjectFaceToCollage" name="test_wide_image_cover_scale" time="0.003" /><testcase classname="tests.test_collage_service" name="test_import_collage_persists_nodes" time="3.087" /><testcase classname="tests.test_collage_service" name="test_import_collage_returns_existing_without_overwrite" time="0.428" /><testcase classname="tests.test_collage_service" name="test_import_collage_overwrite_reimports" time="0.937" /><testcase classname="tests.test_collage_service" name="test_import_collage_links_existing_images" time="0.448" /><testcase classname="tests.test_collage_service" name="test_list_and_get_collages" time="0.894" /><testcase classname="tests.test_collage_service" name="test_get_nodes_and_update_metadata" time="0.413" /><testcase classname="tests.test_collage_service" name="test_update_node_metadata_missing_raises" time="0.447" /><testcase classname="tests.test_collage_service" name="test_relink_images_after_scan" time="0.645" /><testcase classname="tests.test_collage_service" name="test_relink_images_missing_collage_raises" time="0.377" /><testcase classname="tests.test_collage_service" name="test_get_faces_for_node_and_projected_faces" time="0.719" /><testcase classname="tests.test_collage_service" name="test_render_collage_image_returns_canvas" time="0.587" /><testcase classname="tests.test_collage_service" name="test_render_collage_image_with_source_file" time="0.496" /><testcase classname="tests.test_collage_service" name="test_export_annotated_collage_writes_files" time="0.489" /><testcase classname="tests.test_config" name="test_false_positive_gate_keys_load" time="0.010" /><testcase classname="tests.test_config" name="test_recognition_identity_guard_keys_round_trip" time="0.010" /><testcase classname="tests.test_config" name="test_recognition_identity_guard_defaults" time="0.003" /><testcase classname="tests.test_config" name="test_multistage_and_verify_all_keys_round_trip" time="0.010" /><testcase classname="tests.test_config" name="test_multistage_defaults" time="0.009" /><testcase classname="tests.test_config" name="test_false_positive_gate_defaults" time="0.009" /><testcase classname="tests.test_config" name="test_load_config_resolves_relative_paths_against_config_location" time="0.012" /><testcase classname="tests.test_config" name="test_frozen_bundle_defaults_use_user_data_dir" time="0.012" /><testcase classname="tests.test_coral_detector.TestPureHelpers" name="test_find_edgetpu_lib_returns_string" time="0.003" /><testcase classname="tests.test_coral_detector.TestPureHelpers" name="test_set_input_expands_batch_dim" time="0.005" /><testcase classname="tests.test_coral_detector.TestPureHelpers" name="test_get_detections_parses_ssd_output" time="0.007" /><testcase classname="tests.test_coral_detector.TestPureHelpers" name="test_get_detections_filters_low_scores" time="0.005" /><testcase classname="tests.test_coral_detector.TestCoralDetectorLive" name="test_detect_on_blank_image" time="0.002"><skipped type="pytest.skip" message="Coral Edge TPU unavailable">C:\GitRunner\actions-runner\_work\local_ai_face_recognizer\local_ai_face_recognizer\tests\test_coral_detector.py:102: Coral Edge TPU unavailable</skipped></testcase><testcase classname="tests.test_coral_detector.TestCoralDetectorLive" name="test_missing_model_raises" time="0.002"><skipped type="pytest.skip" message="Coral Edge TPU unavailable">C:\GitRunner\actions-runner\_work\local_ai_face_recognizer\local_ai_face_recognizer\tests\test_coral_detector.py:114: Coral Edge TPU unavailable</skipped></testcase><testcase classname="tests.test_database.TestImageModel" name="test_create_and_retrieve" time="0.449" /><testcase classname="tests.test_database.TestImageModel" name="test_unique_file_path" time="0.493" /><testcase classname="tests.test_database.TestFaceEmbedding" name="test_embedding_roundtrip" time="0.795" /><testcase classname="tests.test_database.TestFaceEmbedding" name="test_null_embedding_returns_none" time="0.411" /><testcase classname="tests.test_database.TestPersonModel" name="test_create_person" time="0.730" /><testcase classname="tests.test_database.TestPersonModel" name="test_cascade_delete_faces" time="0.782" /><testcase classname="tests.test_database_package_service" name="test_export_contains_only_database_and_manifest" time="1.092" /><testcase classname="tests.test_database_package_service" name="test_export_derives_missing_relative_paths_without_touching_live_db" time="0.894" /><testcase classname="tests.test_database_package_service" name="test_export_reports_images_outside_the_library_root" time="0.734" /><testcase classname="tests.test_database_package_service" name="test_validate_rejects_wrong_extension" time="0.007" /><testcase classname="tests.test_database_package_service" name="test_validate_rejects_archive_without_manifest" time="0.008" /><testcase classname="tests.test_database_package_service" name="test_validate_accepts_a_real_package" time="1.214" /><testcase classname="tests.test_database_package_service" name="test_import_rebases_paths_onto_a_different_base_folder" time="1.414" /><testcase classname="tests.test_database_package_service" name="test_import_counts_files_missing_at_the_rebased_location" time="1.240" /><testcase classname="tests.test_database_package_service" name="test_import_clears_crop_paths_that_have_no_local_file" time="1.688" /><testcase classname="tests.test_database_package_service" name="test_import_refuses_a_non_empty_destination" time="0.995" /><testcase classname="tests.test_database_package_service" name="test_export_import_then_match_reattaches_a_moved_photo" time="3.972" /><testcase classname="tests.test_database_package_service" name="test_import_rejects_a_traversal_member" time="0.009" /><testcase classname="tests.test_debug_info.TestDecisionToDict" name="test_serialises_compact_summary" time="0.003" /><testcase classname="tests.test_debug_info.TestDecisionToDict" name="test_limits_ranked_lists_to_eight" time="0.003" /><testcase classname="tests.test_debug_info.TestComputeLayerActivations" name="test_returns_relu_hidden_layers" time="0.011" /><testcase classname="tests.test_debug_info.TestComputeLayerActivations" name="test_empty_for_unfitted_mlp" time="0.003" /><testcase classname="tests.test_debug_info.TestComputeLayerActivations" name="test_empty_for_non_mlp_object" time="0.003" /><testcase classname="tests.test_debug_info.TestComputeDecisionPath" name="test_traces_winner_through_hidden_layers" time="0.003" /><testcase classname="tests.test_debug_info.TestComputeDecisionPath" name="test_returns_none_without_activations" time="0.010" /><testcase classname="tests.test_deep_classifier.TestTraining" name="test_train_produces_ensemble_mode" time="1.876" /><testcase classname="tests.test_deep_classifier.TestTraining" name="test_empty_dataset_stays_untrained" time="0.003" /><testcase classname="tests.test_deep_classifier.TestTraining" name="test_single_person_uses_prototype_mode" time="0.005" /><testcase classname="tests.test_deep_classifier.TestTraining" name="test_progress_callback_fires" time="1.826" /><testcase classname="tests.test_deep_classifier.TestPrediction" name="test_known_person_is_recognized" time="1.849" /><testcase classname="tests.test_deep_classifier.TestPrediction" name="test_each_person_maps_to_itself" time="1.971" /><testcase classname="tests.test_deep_classifier.TestPrediction" name="test_stranger_is_rejected_as_outlier" time="1.875" /><testcase classname="tests.test_deep_classifier.TestPrediction" name="test_missing_embedding_is_rejected" time="1.932" /><testcase classname="tests.test_deep_classifier.TestPrediction" name="test_zero_vector_is_rejected" time="1.931" /><testcase classname="tests.test_deep_classifier.TestClassProbabilities" name="test_distribution_covers_all_people_and_sums_to_one" time="1.942" /><testcase classname="tests.test_deep_classifier.TestClassProbabilities" name="test_winner_matches_prediction" time="1.888" /><testcase classname="tests.test_deep_classifier.TestClassProbabilities" name="test_untrained_returns_empty" time="0.003" /><testcase classname="tests.test_deep_classifier.TestClassProbabilities" name="test_missing_embedding_returns_empty" time="1.980" /><testcase classname="tests.test_deep_classifier.TestClassProbabilities" name="test_prototype_mode_returns_empty" time="0.004" /><testcase classname="tests.test_deep_classifier.TestDecisionPath" name="test_debug_info_carries_winner_path" time="1.874" /><testcase classname="tests.test_deep_classifier.TestDecisionPath" name="test_prototype_mode_has_no_path" time="0.005" /><testcase classname="tests.test_deep_classifier.TestPersistence" name="test_save_and_load_roundtrip" time="1.962" /><testcase classname="tests.test_deep_classifier.TestPersistence" name="test_load_missing_file_returns_false" time="0.007" /><testcase classname="tests.test_deep_classifier.TestPersistence" name="test_load_corrupt_file_returns_false" time="0.008" /><testcase classname="tests.test_deep_classifier.TestOpenSetSafety" name="test_sim_floor_never_below_configured_min" time="1.767" /><testcase classname="tests.test_deep_classifier.TestOpenSetSafety" name="test_small_cohort_stays_in_prototype_mode" time="0.006" /><testcase classname="tests.test_deep_classifier.TestOpenSetSafety" name="test_ambiguous_face_between_two_lookalikes_is_rejected" time="0.004" /><testcase classname="tests.test_deep_classifier.TestOpenSetSafety" name="test_imbalanced_tiny_cohort_does_not_avalanche" time="0.006" /><testcase classname="tests.test_deep_classifier.TestContinualLearning" name="test_more_examples_increase_confidence" time="3.719" /><testcase classname="tests.test_deep_classifier.TestContinualLearning" name="test_fingerprint_changes_with_data" time="0.003" /><testcase classname="tests.test_deep_pipeline_worker" name="test_overlap_resolution_runs_again_after_recognition" time="0.787" /><testcase classname="tests.test_deep_pipeline_worker" name="test_invalid_mode_raises" time="0.003" /><testcase classname="tests.test_deep_pipeline_worker" name="test_valid_modes_construct" time="0.003" /><testcase classname="tests.test_deep_pipeline_worker" name="test_rebuild_reset_deletes_stale_model_file" time="1.263" /><testcase classname="tests.test_deep_pipeline_worker" name="test_ai_stage_threads_detection_config" time="0.007" /><testcase classname="tests.test_deep_pipeline_worker" name="test_rebuild_reset_keeps_human_decisions" time="0.449" /><testcase classname="tests.test_deep_recognition_service.TestTrainAndRecognize" name="test_unknown_face_is_assigned_and_logged" time="0.816" /><testcase classname="tests.test_deep_recognition_service.TestTrainAndRecognize" name="test_debug_sample_face_reflects_current_model" time="0.484" /><testcase classname="tests.test_deep_recognition_service.TestTrainAndRecognize" name="test_debug_sample_face_none_without_model" time="0.747" /><testcase classname="tests.test_deep_recognition_service.TestTrainAndRecognize" name="test_assignment_decision_graph_is_lazy" time="0.960" /><testcase classname="tests.test_deep_recognition_service.TestTrainAndRecognize" name="test_assignment_records_decision_graph_with_debug" time="0.599" /><testcase classname="tests.test_deep_recognition_service.TestTrainAndRecognize" name="test_named_faces_are_never_touched" time="0.497" /><testcase classname="tests.test_deep_recognition_service.TestTrainAndRecognize" name="test_stranger_face_stays_unknown" time="0.537" /><testcase classname="tests.test_deep_recognition_service.TestTrainAndRecognize" name="test_low_confidence_detection_is_never_assigned" time="0.594" /><testcase classname="tests.test_deep_recognition_service.TestTrainAndRecognize" name="test_correction_veto_blocks_reassignment" time="2.901" /><testcase classname="tests.test_deep_recognition_service.TestTrainAndRecognize" name="test_unknown_group_face_can_be_promoted" time="0.751" /><testcase classname="tests.test_deep_recognition_service.TestTrainAndRecognize" name="test_unchanged_data_reuses_model" time="0.479" /><testcase classname="tests.test_deep_recognition_service.TestTrainAndRecognize" name="test_changed_hidden_layers_force_retrain" time="4.365" /><testcase classname="tests.test_deep_recognition_service.TestPerImageIdentityGuard" name="test_overlapping_second_box_same_person_is_skipped" time="0.544" /><testcase classname="tests.test_deep_recognition_service.TestPerImageIdentityGuard" name="test_weaker_auto_incumbent_is_replaced" time="0.544" /><testcase classname="tests.test_deep_recognition_service.TestPerImageIdentityGuard" name="test_human_incumbent_always_wins" time="0.693" /><testcase classname="tests.test_deep_recognition_service.TestPerImageIdentityGuard" name="test_non_overlapping_second_appearance_is_kept" time="0.607" /><testcase classname="tests.test_deep_recognition_service.TestPerImageIdentityGuard" name="test_two_fresh_dups_in_one_run_collapse_to_one" time="0.765" /><testcase classname="tests.test_deep_recognition_service.TestPerImageIdentityGuard" name="test_guard_is_scoped_per_image" time="0.579" /><testcase classname="tests.test_deep_recognition_service.TestReviewActions" name="test_confirm_marks_face_as_trusted" time="0.810" /><testcase classname="tests.test_deep_recognition_service.TestReviewActions" name="test_confirm_assignments_batch_confirms_many" time="0.634" /><testcase classname="tests.test_deep_recognition_service.TestReviewActions" name="test_revert_assignments_batch_rejects_many" time="3.289" /><testcase classname="tests.test_deep_recognition_service.TestReviewActions" name="test_correct_assignments_batch_moves_many" time="0.610" /><testcase classname="tests.test_deep_recognition_service.TestReviewActions" name="test_correct_assignments_to_new_person_batch" time="0.733" /><testcase classname="tests.test_deep_recognition_service.TestReviewActions" name="test_correct_moves_face_and_records_corrections" time="0.594" /><testcase classname="tests.test_deep_recognition_service.TestReviewActions" name="test_correct_to_new_person" time="0.565" /><testcase classname="tests.test_deep_recognition_service.TestReviewActions" name="test_revert_restores_previous_state" time="0.537" /><testcase classname="tests.test_deep_recognition_service.TestReviewActions" name="test_revert_all_open_spares_reviewed_rows" time="0.620" /><testcase classname="tests.test_deep_recognition_service.TestReviewActions" name="test_list_auto_assignments_returns_dto" time="0.509" /><testcase classname="tests.test_deep_recognition_service.TestReviewActions" name="test_force_retrains_even_when_data_unchanged" time="0.537" /><testcase classname="tests.test_deep_recognition_service.TestReviewActions" name="test_review_list_survives_train_only_run" time="2.110" /><testcase classname="tests.test_deep_recognition_service.TestReviewActions" name="test_stale_assignment_is_hidden" time="0.559" /><testcase classname="tests.test_deep_recognition_service.TestStaleModelGuards" name="test_delete_model_removes_file" time="0.660" /><testcase classname="tests.test_deep_recognition_service.TestStaleModelGuards" name="test_recognition_skipped_when_all_people_vanished" time="0.508" /><testcase classname="tests.test_deep_recognition_service.TestStaleModelGuards" name="test_face_skipped_when_predicted_person_deleted" time="0.546" /><testcase classname="tests.test_deoldified_pairing_service.TestExtractOriginalStem" name="test_artistic_suffix" time="0.003" /><testcase classname="tests.test_deoldified_pairing_service.TestExtractOriginalStem" name="test_stable_suffix" time="0.002" /><testcase classname="tests.test_deoldified_pairing_service.TestExtractOriginalStem" name="test_no_extra_suffix" time="0.003" /><testcase classname="tests.test_deoldified_pairing_service.TestExtractOriginalStem" name="test_not_deoldified_returns_none" time="0.003" /><testcase classname="tests.test_deoldified_pairing_service.TestExtractOriginalStem" name="test_case_insensitive_upper" time="0.003" /><testcase classname="tests.test_deoldified_pairing_service.TestExtractOriginalStem" name="test_case_insensitive_mixed" time="0.002" /><testcase classname="tests.test_deoldified_pairing_service.TestExtractOriginalStem" name="test_complex_name_from_requirements" time="0.003" /><testcase classname="tests.test_deoldified_pairing_service.TestExtractOriginalStem" name="test_empty_stem_returns_none" time="0.003" /><testcase classname="tests.test_deoldified_pairing_service.TestExtractOriginalStem" name="test_stem_with_spaces" time="0.003" /><testcase classname="tests.test_deoldified_pairing_service.TestExtractOriginalFilename" name="test_jpg_uppercase_artistic" time="0.003" /><testcase classname="tests.test_deoldified_pairing_service.TestExtractOriginalFilename" name="test_jpg_lowercase_stable" time="0.003" /><testcase classname="tests.test_deoldified_pairing_service.TestExtractOriginalFilename" name="test_no_extra_suffix" time="0.003" /><testcase classname="tests.test_deoldified_pairing_service.TestExtractOriginalFilename" name="test_not_deoldified_returns_none" time="0.003" /><testcase classname="tests.test_deoldified_pairing_service.TestExtractOriginalFilename" name="test_complex_name_from_requirements" time="0.003" /><testcase classname="tests.test_deoldified_pairing_service.TestExtractOriginalFilename" name="test_valami_stable" time="0.003" /><testcase classname="tests.test_deoldified_pairing_service.TestExtractOriginalFilename" name="test_jpeg_extension" time="0.003" /><testcase classname="tests.test_deoldified_pairing_service.TestExtractOriginalFilename" name="test_png_extension" time="0.004" /><testcase classname="tests.test_deoldified_pairing_service.TestExtractOriginalFilename" name="test_preserves_original_extension_case" time="0.003" /><testcase classname="tests.test_deoldified_pairing_service.TestIsDeoldifiedPath" name="test_simple_deoldified_path" time="0.004" /><testcase classname="tests.test_deoldified_pairing_service.TestIsDeoldifiedPath" name="test_deoldified_path_with_artistic" time="0.003" /><testcase classname="tests.test_deoldified_pairing_service.TestIsDeoldifiedPath" name="test_normal_path_returns_false" time="0.003" /><testcase classname="tests.test_deoldified_pairing_service.TestIsDeoldifiedPath" name="test_filename_only_deoldified" time="0.003" /><testcase classname="tests.test_deoldified_pairing_service.TestIsDeoldifiedPath" name="test_filename_only_normal" time="0.003" /><testcase classname="tests.test_deoldified_pairing_service.TestIsDeoldifiedPath" name="test_case_insensitive" time="0.003" /><testcase classname="tests.test_deoldified_pairing_service.TestFindOriginalForDeoldified" name="test_finds_original_exact_extension" time="0.442" /><testcase classname="tests.test_deoldified_pairing_service.TestFindOriginalForDeoldified" name="test_finds_original_uppercase_extension_variant" time="0.443" /><testcase classname="tests.test_deoldified_pairing_service.TestFindOriginalForDeoldified" name="test_returns_none_when_original_not_in_db" time="0.524" /><testcase classname="tests.test_deoldified_pairing_service.TestFindOriginalForDeoldified" name="test_finds_original_in_different_folder" time="0.870" /><testcase classname="tests.test_deoldified_pairing_service.TestFindOriginalForDeoldified" name="test_returns_none_for_non_deoldified_image" time="0.568" /><testcase classname="tests.test_deoldified_pairing_service.TestFindDeoldifiedForOriginal" name="test_finds_colorized_variant" time="0.443" /><testcase classname="tests.test_deoldified_pairing_service.TestFindDeoldifiedForOriginal" name="test_returns_none_when_no_colorized_in_db" time="1.025" /><testcase classname="tests.test_deoldified_pairing_service.TestFindDeoldifiedForOriginal" name="test_different_folder_is_matched" time="0.458" /><testcase classname="tests.test_deoldified_pairing_service.TestFindDeoldifiedForOriginal" name="test_different_stem_not_matched" time="0.424" /><testcase classname="tests.test_deoldified_pairing_service.TestPairingWithFaceData" name="test_original_has_faces_colorized_has_none" time="0.977" /><testcase classname="tests.test_deoldified_pairing_service.TestSyncPairData" name="test_copies_faces_and_metadata_into_empty_side" time="0.432" /><testcase classname="tests.test_deoldified_pairing_service.TestSyncPairData" name="test_skips_when_pair_already_in_sync" time="0.691" /><testcase classname="tests.test_deoldified_pairing_service.TestSyncPairData" name="test_skips_when_both_sides_empty" time="0.456" /><testcase classname="tests.test_deoldified_pairing_service.TestSyncPairData" name="test_copies_from_color_to_bw_when_bw_empty" time="0.614" /><testcase classname="tests.test_deoldified_pairing_service.TestSyncPairData" name="test_metadata_only_counts_as_data" time="0.498" /><testcase classname="tests.test_deoldified_pairing_service.TestSyncPairMerge" name="test_copies_the_face_added_later_to_the_filled_pair" time="0.476" /><testcase classname="tests.test_deoldified_pairing_service.TestSyncPairMerge" name="test_overlapping_face_is_not_duplicated" time="3.470" /><testcase classname="tests.test_deoldified_pairing_service.TestSyncPairMerge" name="test_unassigned_counterpart_gets_the_person" time="0.497" /><testcase classname="tests.test_deoldified_pairing_service.TestSyncPairMerge" name="test_existing_assignment_is_never_overwritten" time="0.468" /><testcase classname="tests.test_deoldified_pairing_service.TestSyncPairMerge" name="test_object_tag_moves_onto_the_original" time="0.451" /><testcase classname="tests.test_deoldified_pairing_service.TestSyncPairMerge" name="test_duplicate_object_tag_is_dropped_not_moved" time="0.410" /><testcase classname="tests.test_deoldified_pairing_service.TestExtractVariantLabel" name="test_artistic" time="0.003" /><testcase classname="tests.test_deoldified_pairing_service.TestExtractVariantLabel" name="test_stable" time="0.002" /><testcase classname="tests.test_deoldified_pairing_service.TestExtractVariantLabel" name="test_plain_deoldified" time="0.003" /><testcase classname="tests.test_deoldified_pairing_service.TestExtractVariantLabel" name="test_not_deoldified" time="0.002" /><testcase classname="tests.test_deoldified_pairing_service.TestExtractVariantLabel" name="test_case_insensitive" time="0.003" /><testcase classname="tests.test_deoldified_pairing_service.TestFindAllDeoldifiedForOriginal" name="test_returns_every_variant_sorted_by_label" time="0.697" /><testcase classname="tests.test_deoldified_pairing_service.TestGetComparisonGroup" name="test_group_from_original_orders_bw_first" time="0.425" /><testcase classname="tests.test_deoldified_pairing_service.TestGetComparisonGroup" name="test_group_from_a_colorized_variant_is_identical" time="0.794" /><testcase classname="tests.test_deoldified_pairing_service.TestGetComparisonGroup" name="test_no_group_for_lone_image" time="0.409" /><testcase classname="tests.test_deoldified_pairing_service.TestGetComparisonGroup" name="test_variant_with_missing_file_is_dropped" time="0.625" /><testcase classname="tests.test_deoldified_pairing_service.TestGetComparisonGroup" name="test_no_group_when_every_variant_file_missing" time="0.478" /><testcase classname="tests.test_deoldified_pairing_service.TestGetComparisonGroup" name="test_stale_library_root_does_not_drop_variants" time="0.417" /><testcase classname="tests.test_deoldified_pairing_service.TestGetComparisonGroup" name="test_no_group_when_bw_original_file_missing" time="0.674" /><testcase classname="tests.test_deoldified_pairing_service.TestDeoldifiedIndex" name="test_lookup_from_original_stem_lists_variants_in_label_order" time="0.473" /><testcase classname="tests.test_deoldified_pairing_service.TestDeoldifiedIndex" name="test_lookup_is_case_insensitive" time="0.671" /><testcase classname="tests.test_deoldified_pairing_service.TestDeoldifiedIndex" name="test_unrelated_stem_has_no_group" time="0.501" /><testcase classname="tests.test_deoldified_pairing_service.TestDeoldifiedIndex" name="test_new_rows_are_invisible_until_invalidated" time="0.457" /><testcase classname="tests.test_deoldified_pairing_service.TestDeoldifiedIndex" name="test_unpaired_images_cost_no_queries_after_the_build" time="1.524" /><testcase classname="tests.test_deoldified_pairing_service.TestDeoldifiedIndex" name="test_paired_image_still_resolves_its_group" time="0.414" /><testcase classname="tests.test_detection_service" name="test_detection_service_persists_landmarks" time="0.953" /><testcase classname="tests.test_detection_service" name="test_detection_service_uses_face_id_for_crop_naming" time="0.546" /><testcase classname="tests.test_detection_service" name="test_redetection_does_not_duplicate_manual_face" time="0.832" /><testcase classname="tests.test_detection_service" name="test_nested_detections_are_merged_into_one" time="0.003" /><testcase classname="tests.test_detection_service" name="test_redetection_does_not_nest_unknown_inside_named_face" time="0.569" /><testcase classname="tests.test_detection_service" name="test_adaptive_escalation_rescues_faded_photo" time="0.267" /><testcase classname="tests.test_detection_service" name="test_adaptive_escalation_disabled_stays_strict" time="0.008" /><testcase classname="tests.test_detection_service" name="test_adaptive_escalation_skipped_when_strict_succeeds" time="0.145" /><testcase classname="tests.test_detectors.TestDetectionDataclass" name="test_clamp_within_bounds" time="0.003" /><testcase classname="tests.test_detectors.TestDetectionDataclass" name="test_as_tuple" time="0.003" /><testcase classname="tests.test_detectors.TestDetectionDataclass" name="test_x2_y2" time="0.003" /><testcase classname="tests.test_detectors.TestFactoryFallback" name="test_cpu_fallback_when_no_coral_config" time="0.031" /><testcase classname="tests.test_detectors.TestFactoryFallback" name="test_cpu_fallback_when_coral_probe_fails" time="0.031" /><testcase classname="tests.test_detectors.TestFactoryFallback" name="test_yunet_preferred_when_available" time="0.012" /><testcase classname="tests.test_detectors.TestFaceDetectorInterface" name="test_detect_returns_list" time="0.003" /><testcase classname="tests.test_detectors.TestFaceDetectorInterface" name="test_repr" time="0.002" /><testcase classname="tests.test_detectors.TestCompositeDetector" name="test_secondary_adds_non_overlapping_face" time="0.003" /><testcase classname="tests.test_detectors.TestCompositeDetector" name="test_collapses_primary_duplicate_via_anchor" time="0.003" /><testcase classname="tests.test_detectors.TestCompositeDetector" name="test_secondary_with_center_inside_primary_not_added" time="0.003" /><testcase classname="tests.test_detectors.TestCompositeDetector" name="test_get_reaches_member_detector" time="0.003" /><testcase classname="tests.test_diagnostics.TestTFLiteDiagnostics" name="test_ok_true_when_active_backend_present" time="0.003" /><testcase classname="tests.test_diagnostics.TestTFLiteDiagnostics" name="test_ok_false_without_backend" time="0.003" /><testcase classname="tests.test_diagnostics.TestCheckTfliteBackend" name="test_reports_missing_model" time="0.011" /><testcase classname="tests.test_diagnostics.TestCheckTfliteBackend" name="test_uses_first_available_backend_for_interpreter" time="0.010" /><testcase classname="tests.test_diagnostics.TestPrintDiagnostics" name="test_prints_summary" time="0.003" /><testcase classname="tests.test_display_utils.TestEnumerateDisplays" name="test_returns_recording_display_info_list" time="0.008" /><testcase classname="tests.test_display_utils.TestEnumerateDisplays" name="test_survives_broken_qgui" time="0.003" /><testcase classname="tests.test_display_utils.TestEnumerateDisplays" name="test_windows_uses_the_native_probe" time="0.003" /><testcase classname="tests.test_display_utils.TestEnumerateDisplays" name="test_windows_falls_back_to_qt_when_the_probe_is_empty" time="0.005" /><testcase classname="tests.test_display_utils.TestActiveWindowBounds" name="test_returns_geometry_for_top_level_window" time="0.004" /><testcase classname="tests.test_display_utils.TestActiveWindowBounds" name="test_none_for_missing_widget" time="0.002" /><testcase classname="tests.test_display_utils.TestActiveWindowBounds" name="test_none_on_failure" time="0.003" /><testcase classname="tests.test_drive_image_worker.TestResolveDriveFileId" name="test_returns_file_id" time="0.425" /><testcase classname="tests.test_drive_image_worker.TestResolveDriveFileId" name="test_missing_record_returns_none" time="0.368" /><testcase classname="tests.test_drive_image_worker.TestDownload" name="test_creates_parent_and_downloads" time="0.009" /><testcase classname="tests.test_drive_image_worker.TestDriveThumbRunnable" name="test_uses_existing_local_file" time="0.010" /><testcase classname="tests.test_drive_image_worker.TestDriveThumbRunnable" name="test_downloads_when_missing" time="0.714" /><testcase classname="tests.test_drive_image_worker.TestDriveThumbRunnable" name="test_failed_without_remote_record" time="0.010" /><testcase classname="tests.test_drive_image_worker.TestDriveFetchRunnable" name="test_ready_when_already_local" time="0.008" /><testcase classname="tests.test_drive_image_worker.TestDriveFetchRunnable" name="test_downloads_and_emits_ready" time="0.452" /><testcase classname="tests.test_drive_image_worker.TestDriveFetchRunnable" name="test_silent_failure_suppresses_signal" time="0.389" /><testcase classname="tests.test_drive_image_worker.TestDriveFetchRunnable" name="test_non_silent_failure_emits" time="0.778" /><testcase classname="tests.test_duplicate_unknown_face_finder" name="test_lists_known_face_overlapping_unknown" time="0.407" /><testcase classname="tests.test_duplicate_unknown_face_finder" name="test_small_unknown_nested_in_large_known_is_listed" time="0.384" /><testcase classname="tests.test_duplicate_unknown_face_finder" name="test_distant_unknown_is_not_listed" time="0.772" /><testcase classname="tests.test_duplicate_unknown_face_finder" name="test_two_known_faces_are_never_listed" time="0.398" /><testcase classname="tests.test_duplicate_unknown_face_finder" name="test_two_unknown_faces_are_never_listed" time="3.878" /><testcase classname="tests.test_duplicate_unknown_face_finder" name="test_unknown_overlapping_multiple_known_faces_is_listed_once" time="0.474" /><testcase classname="tests.test_duplicate_unknown_face_finder" name="test_delete_unknown_faces_deletes_only_still_unknown_records" time="0.727" /><testcase classname="tests.test_duplicate_unknown_face_finder" name="test_is_placeholder_name_true[None]" time="0.003" /><testcase classname="tests.test_duplicate_unknown_face_finder" name="test_is_placeholder_name_true[]" time="0.003" /><testcase classname="tests.test_duplicate_unknown_face_finder" name="test_is_placeholder_name_true[  ]" time="0.003" /><testcase classname="tests.test_duplicate_unknown_face_finder" name="test_is_placeholder_name_true[?]" time="0.003" /><testcase classname="tests.test_duplicate_unknown_face_finder" name="test_is_placeholder_name_true[??]" time="0.003" /><testcase classname="tests.test_duplicate_unknown_face_finder" name="test_is_placeholder_name_true[???]" time="0.003" /><testcase classname="tests.test_duplicate_unknown_face_finder" name="test_is_placeholder_name_true[Unknown]" time="0.003" /><testcase classname="tests.test_duplicate_unknown_face_finder" name="test_is_placeholder_name_true[unknown]" time="0.003" /><testcase classname="tests.test_duplicate_unknown_face_finder" name="test_is_placeholder_name_true[UNKNOWN]" time="0.003" /><testcase classname="tests.test_duplicate_unknown_face_finder" name="test_is_placeholder_name_true[Unknown 96]" time="0.003" /><testcase classname="tests.test_duplicate_unknown_face_finder" name="test_is_placeholder_name_true[Unknown_96]" time="0.003" /><testcase classname="tests.test_duplicate_unknown_face_finder" name="test_is_placeholder_name_true[unknown 1]" time="0.003" /><testcase classname="tests.test_duplicate_unknown_face_finder" name="test_is_placeholder_name_true[Unknown_003]" time="0.003" /><testcase classname="tests.test_duplicate_unknown_face_finder" name="test_is_placeholder_name_true[Ismeretlen]" time="0.003" /><testcase classname="tests.test_duplicate_unknown_face_finder" name="test_is_placeholder_name_true[ismeretlen]" time="0.003" /><testcase classname="tests.test_duplicate_unknown_face_finder" name="test_is_placeholder_name_true[Ismeretlen 5]" time="0.003" /><testcase classname="tests.test_duplicate_unknown_face_finder" name="test_is_placeholder_name_true[ismeretlen_2]" time="0.003" /><testcase classname="tests.test_duplicate_unknown_face_finder" name="test_is_placeholder_name_false[Alice]" time="0.003" /><testcase classname="tests.test_duplicate_unknown_face_finder" name="test_is_placeholder_name_false[Bob Smith]" time="0.003" /><testcase classname="tests.test_duplicate_unknown_face_finder" name="test_is_placeholder_name_false[Kov\xe1cs B\xe9la]" time="0.004" /><testcase classname="tests.test_duplicate_unknown_face_finder" name="test_is_placeholder_name_false[John]" time="0.003" /><testcase classname="tests.test_duplicate_unknown_face_finder" name="test_is_placeholder_name_false[Anna-M\xe1ria]" time="0.003" /><testcase classname="tests.test_duplicate_unknown_face_finder" name="test_auto_named_person_overlapping_known_is_listed" time="0.454" /><testcase classname="tests.test_duplicate_unknown_face_finder" name="test_auto_named_person_can_be_deleted" time="0.635" /><testcase classname="tests.test_duplicate_unknown_face_finder" name="test_same_person_overlapping_duplicates_are_listed" time="0.414" /><testcase classname="tests.test_duplicate_unknown_face_finder" name="test_same_auto_named_cluster_overlapping_duplicates_are_listed" time="0.441" /><testcase classname="tests.test_duplicate_unknown_face_finder" name="test_protected_catch_all_overlaps_are_not_listed" time="0.644" /><testcase classname="tests.test_duplicate_unknown_face_finder" name="test_same_person_non_overlapping_not_listed" time="0.423" /><testcase classname="tests.test_duplicate_unknown_face_finder" name="test_embedding_same_face_two_unknown_clusters_is_found" time="0.409" /><testcase classname="tests.test_duplicate_unknown_face_finder" name="test_embedding_overlapping_different_people_kept" time="0.463" /><testcase classname="tests.test_duplicate_unknown_face_finder" name="test_embedding_same_face_no_overlap_kept" time="0.402" /><testcase classname="tests.test_duplicate_unknown_face_finder" name="test_embedding_named_face_is_kept_as_reference" time="0.442" /><testcase classname="tests.test_duplicate_unknown_face_finder" name="test_partially_intersecting_unknown_and_named_needs_cross_identity" time="0.462" /><testcase classname="tests.test_duplicate_unknown_face_finder" name="test_intersecting_faces_of_two_unknown_clusters_are_listed" time="0.426" /><testcase classname="tests.test_duplicate_unknown_face_finder" name="test_cross_identity_never_lists_two_named_faces" time="0.436" /><testcase classname="tests.test_duplicate_unknown_face_finder" name="test_non_touching_boxes_stay_unlisted_at_loosest_level" time="0.520" /><testcase classname="tests.test_duplicate_unknown_face_finder" name="test_named_same_person_duplicate_deletable_with_fresh_finder" time="0.424" /><testcase classname="tests.test_duplicate_unknown_face_finder" name="test_named_same_person_duplicate_deletable_without_flag_set" time="4.411" /><testcase classname="tests.test_duplicate_unknown_face_finder" name="test_lone_named_face_is_never_deleted" time="0.607" /><testcase classname="tests.test_embedding_service" name="test_embed_face_single" time="0.735" /><testcase classname="tests.test_embedding_service" name="test_embed_manual_face_makes_face_comparable" time="0.679" /><testcase classname="tests.test_embedding_service" name="test_reembed_all_clears_and_recomputes" time="0.726" /><testcase classname="tests.test_exif_write" name="test_write_gps_and_date_roundtrip" time="0.055" /><testcase classname="tests.test_exif_write" name="test_gps_and_date_coexist" time="0.019" /><testcase classname="tests.test_exif_write" name="test_write_gps_survives_windows_lock" time="0.012" /><testcase classname="tests.test_exif_write" name="test_write_gps_quality_preserved_no_recompress_blowup" time="0.015" /><testcase classname="tests.test_exif_write" name="test_missing_file_returns_false" time="0.007" /><testcase classname="tests.test_export_service" name="test_face_bbox_for_export_clamps_pixel_boxes_to_image_bounds" time="0.003" /><testcase classname="tests.test_export_service" name="test_face_bbox_for_export_accepts_normalized_legacy_boxes" time="0.003" /><testcase classname="tests.test_export_service" name="test_exif_gps_dms_conversion_handles_direction_refs" time="0.003" /><testcase classname="tests.test_export_service" name="test_legacy_export_html_is_removed" time="0.002" /><testcase classname="tests.test_export_service" name="test_export_astro_bundle_structure" time="0.619" /><testcase classname="tests.test_export_service" name="test_export_astro_family_tree_bundle" time="0.460" /><testcase classname="tests.test_export_service" name="test_export_astro_compare_group_with_multiple_variants" time="0.810" /><testcase classname="tests.test_export_service" name="test_export_astro_no_compare_group_for_lone_image" time="0.457" /><testcase classname="tests.test_export_service" name="test_export_astro_faces_use_percentage_boxes" time="0.631" /><testcase classname="tests.test_export_service" name="test_export_astro_includes_faceless_images" time="0.566" /><testcase classname="tests.test_export_service" name="test_export_astro_writes_map_and_slideshow_parity_pages" time="0.485"><failure message="zoneinfo._common.ZoneInfoNotFoundError: 'No time zone found with key Europe/Budapest'">..\..\_temp\uv-python\cpython-3.11-windows-x86_64-none\Lib\zoneinfo\_common.py:12: in load_tzdata
    return resources.files(package_name).joinpath(resource_name).open("rb")
           ^^^^^^^^^^^^^^^^^^^^^^^^^^^^^
..\..\_temp\uv-python\cpython-3.11-windows-x86_64-none\Lib\importlib\resources\_common.py:22: in files
    return from_package(get_package(package))
                        ^^^^^^^^^^^^^^^^^^^^
..\..\_temp\uv-python\cpython-3.11-windows-x86_64-none\Lib\importlib\resources\_common.py:53: in get_package
    resolved = resolve(package)
               ^^^^^^^^^^^^^^^^
..\..\_temp\uv-python\cpython-3.11-windows-x86_64-none\Lib\importlib\resources\_common.py:44: in resolve
    return cand if isinstance(cand, types.ModuleType) else importlib.import_module(cand)
                                                           ^^^^^^^^^^^^^^^^^^^^^^^^^^^^^
..\..\_temp\uv-python\cpython-3.11-windows-x86_64-none\Lib\importlib\__init__.py:126: in import_module
    return _bootstrap._gcd_import(name[level:], package, level)
           ^^^^^^^^^^^^^^^^^^^^^^^^^^^^^^^^^^^^^^^^^^^^^^^^^^^^
E   ModuleNotFoundError: No module named 'tzdata'

During handling of the above exception, another exception occurred:
tests\test_export_service.py:358: in test_export_astro_writes_map_and_slideshow_parity_pages
    _data_dir, project = _run_astro(session, tmp_path)
                         ^^^^^^^^^^^^^^^^^^^^^^^^^^^^^
tests\test_export_service.py:40: in _run_astro
    data_dir = ExportService(session).export_astro(
app\services\export_service.py:565: in export_astro
    _write_map_export_files(public_dir, map_records, flags=standalone_flags, app_version=APP_VERSION)
app\services\export_service.py:1358: in _write_map_export_files
    footer_html = _build_standalone_footer_html(app_version)
                  ^^^^^^^^^^^^^^^^^^^^^^^^^^^^^^^^^^^^^^^^^^
app\services\export_service.py:1318: in _build_standalone_footer_html
    now_budapest = datetime.now(zoneinfo.ZoneInfo("Europe/Budapest"))
                                ^^^^^^^^^^^^^^^^^^^^^^^^^^^^^^^^^^^^
..\..\_temp\uv-python\cpython-3.11-windows-x86_64-none\Lib\zoneinfo\_common.py:24: in load_tzdata
    raise ZoneInfoNotFoundError(f"No time zone found with key {key}")
E   zoneinfo._common.ZoneInfoNotFoundError: 'No time zone found with key Europe/Budapest'</failure></testcase><testcase classname="tests.test_export_service" name="test_export_astro_objects_bbox_and_point" time="0.469" /><testcase classname="tests.test_export_service" name="test_export_astro_handles_image_with_no_objects" time="0.536" /><testcase classname="tests.test_export_service" name="test_export_astro_object_collection_records" time="0.603" /><testcase classname="tests.test_export_service" name="test_export_astro_slideshow_carries_objects_and_panel_data" time="0.914" /><testcase classname="tests.test_export_service" name="test_export_astro_multiple_occurrences_same_object" time="3.855" /><testcase classname="tests.test_export_service" name="test_assemble_update_package_without_csv" time="0.037" /><testcase classname="tests.test_export_service" name="test_assemble_update_package_with_allowlist" time="0.017" /><testcase classname="tests.test_face_crop_service" name="test_duplicate_crop_paths_are_repaired_per_face_id" time="0.451" /><testcase classname="tests.test_face_crop_service" name="test_save_crop_for_face_does_not_reuse_another_face_path" time="0.723" /><testcase classname="tests.test_face_crop_service" name="test_legacy_noncanonical_crop_path_is_migrated" time="0.634" /><testcase classname="tests.test_face_crop_service" name="test_rapid_reassignments_keep_face_crop_sources_stable" time="1.010" /><testcase classname="tests.test_face_date_service" name="test_photo_date_takes_priority" time="0.003" /><testcase classname="tests.test_face_date_service" name="test_falls_back_to_estimated_and_flags_it" time="0.003" /><testcase classname="tests.test_face_date_service" name="test_unknown_when_no_source" time="0.003" /><testcase classname="tests.test_face_date_service" name="test_cache_returns_same_value_per_image_id" time="0.003" /><testcase classname="tests.test_face_diagnostics_service" name="test_explain_missing_face_returns_none" time="0.684" /><testcase classname="tests.test_face_diagnostics_service" name="test_no_embedding_verdict" time="0.684" /><testcase classname="tests.test_face_diagnostics_service" name="test_strong_named_match_is_eligible" time="0.441" /><testcase classname="tests.test_face_diagnostics_service" name="test_weak_match_left_for_clustering" time="0.826" /><testcase classname="tests.test_face_diagnostics_service" name="test_unknown_centroids_are_scored" time="0.430" /><testcase classname="tests.test_face_diagnostics_service" name="test_adaptive_threshold_lower_for_small_face" time="0.428" /><testcase classname="tests.test_face_geometry_cleanup_service" name="test_plausible_face_is_kept" time="0.569" /><testcase classname="tests.test_face_geometry_cleanup_service" name="test_impossible_unassigned_is_droppable" time="0.351" /><testcase classname="tests.test_face_geometry_cleanup_service" name="test_impossible_auto_assigned_is_droppable" time="0.949" /><testcase classname="tests.test_face_geometry_cleanup_service" name="test_impossible_manual_assignment_is_flagged_not_dropped" time="0.402" /><testcase classname="tests.test_face_geometry_cleanup_service" name="test_impossible_legacy_null_source_assignment_is_flagged" time="0.940" /><testcase classname="tests.test_face_geometry_cleanup_service" name="test_manual_backend_face_is_never_dropped" time="0.391" /><testcase classname="tests.test_face_geometry_cleanup_service" name="test_landmark_less_face_is_not_scanned" time="0.386" /><testcase classname="tests.test_face_geometry_cleanup_service" name="test_delete_faces_removes_rows_and_blobs" time="0.648" /><testcase classname="tests.test_face_geometry_cleanup_service" name="test_scan_and_delete_convenience" time="0.386" /><testcase classname="tests.test_face_grouping_service" name="test_similar_faces_group_together" time="0.003" /><testcase classname="tests.test_face_grouping_service" name="test_faces_without_embedding_are_singletons" time="0.003" /><testcase classname="tests.test_face_grouping_service" name="test_group_order_is_stable_and_members_keep_order" time="0.003" /><testcase classname="tests.test_face_grouping_service" name="test_representative_prefers_higher_quality" time="0.003" /><testcase classname="tests.test_face_grouping_service" name="test_threshold_controls_granularity" time="0.003" /><testcase classname="tests.test_face_grouping_service" name="test_deoldified_variants_stack_despite_embedding_drift" time="0.003" /><testcase classname="tests.test_face_grouping_service" name="test_same_photo_different_people_not_merged_by_pairing" time="0.003" /><testcase classname="tests.test_face_grouping_service" name="test_pair_key_matches_browser_pairing" time="0.003" /><testcase classname="tests.test_face_image_export_service" name="test_exports_one_file_per_face_with_pattern_names" time="0.499" /><testcase classname="tests.test_face_image_export_service" name="test_missing_family_code_collapses_the_separator" time="0.417" /><testcase classname="tests.test_face_image_export_service" name="test_original_mode_keeps_full_resolution_with_margin" time="0.426" /><testcase classname="tests.test_face_image_export_service" name="test_original_mode_clamps_the_margin_at_the_image_edge" time="0.790" /><testcase classname="tests.test_face_image_export_service" name="test_square_mode_uses_the_requested_edge_length" time="0.427" /><testcase classname="tests.test_face_image_export_service" name="test_name_collisions_get_a_numeric_suffix" time="0.451" /><testcase classname="tests.test_face_image_export_service" name="test_unknown_faces_can_be_excluded" time="0.527" /><testcase classname="tests.test_face_image_export_service" name="test_only_face_ids_restricts_the_export_to_one_face" time="0.442" /><testcase classname="tests.test_face_image_export_service" name="test_excluded_and_low_quality_faces_are_skipped" time="4.628" /><testcase classname="tests.test_face_image_export_service" name="test_each_image_is_decoded_only_once" time="0.394" /><testcase classname="tests.test_face_image_export_service" name="test_missing_source_file_is_reported_not_raised" time="0.438" /><testcase classname="tests.test_face_image_export_service" name="test_preview_names_and_count_match_the_export" time="0.489" /><testcase classname="tests.test_face_image_export_service" name="test_estimated_date_renders_as_an_approximate_value" time="0.401" /><testcase classname="tests.test_face_image_export_service" name="test_no_faces_yields_an_empty_result" time="0.371" /><testcase classname="tests.test_face_metadata_export_service" name="test_payload_known_person" time="0.772" /><testcase classname="tests.test_face_metadata_export_service" name="test_payload_excludes_name_when_disabled" time="0.389" /><testcase classname="tests.test_face_metadata_export_service" name="test_payload_unknown_person" time="0.370" /><testcase classname="tests.test_face_metadata_export_service" name="test_protected_person_treated_as_unknown" time="0.719" /><testcase classname="tests.test_face_metadata_export_service" name="test_notes_included_when_enabled" time="0.373" /><testcase classname="tests.test_face_metadata_export_service" name="test_notes_excluded_when_disabled" time="0.357" /><testcase classname="tests.test_face_metadata_export_service" name="test_empty_face_list_valid_payload" time="0.410" /><testcase classname="tests.test_face_metadata_export_service" name="test_export_embeds_exif_comment_and_is_idempotent" time="0.633" /><testcase classname="tests.test_face_metadata_export_service" name="test_export_xmp_when_exif_comment_disabled" time="0.350" /><testcase classname="tests.test_face_metadata_export_service" name="test_existing_exif_preserved" time="0.699" /><testcase classname="tests.test_face_metadata_export_service" name="test_raw_format_falls_back_to_sidecar" time="0.493" /><testcase classname="tests.test_face_metadata_export_service" name="test_prefer_sidecar_only_never_touches_image" time="0.911" /><testcase classname="tests.test_face_metadata_export_service" name="test_readonly_image_falls_back_to_sidecar" time="0.004"><skipped type="pytest.skip" message="POSIX permission semantics">C:\GitRunner\actions-runner\_work\local_ai_face_recognizer\local_ai_face_recognizer\tests\test_face_metadata_export_service.py:309: POSIX permission semantics</skipped></testcase><testcase classname="tests.test_face_metadata_export_service" name="test_missing_image_record_returns_failed" time="0.642" /><testcase classname="tests.test_face_metadata_export_service" name="test_missing_file_on_disk_returns_failed" time="0.664" /><testcase classname="tests.test_face_metadata_export_service" name="test_batch_summary_counts" time="0.979" /><testcase classname="tests.test_face_metadata_export_service" name="test_no_overwrite_skips_when_block_exists" time="0.520" /><testcase classname="tests.test_face_metadata_export_service" name="test_windows_lock_on_replace_still_embeds" time="0.861" /><testcase classname="tests.test_face_metadata_export_service" name="test_macos_finder_comment_writes_xattr" time="0.004"><skipped type="pytest.skip" message="macOS Finder comment">C:\GitRunner\actions-runner\_work\local_ai_face_recognizer\local_ai_face_recognizer\tests\test_face_metadata_export_service.py:422: macOS Finder comment</skipped></testcase><testcase classname="tests.test_face_metadata_export_service" name="test_png_xmp_roundtrip" time="0.485" /><testcase classname="tests.test_face_metadata_export_service" name="test_cancel_stops_before_next_image" time="0.402" /><testcase classname="tests.test_face_metadata_export_service" name="test_no_cancel_processes_all" time="0.850" /><testcase classname="tests.test_face_metadata_export_service" name="test_exif_written_without_piexif" time="0.467" /><testcase classname="tests.test_face_metadata_export_service" name="test_existing_exif_preserved_without_piexif" time="0.627" /><testcase classname="tests.test_face_metadata_export_worker.TestFaceMetadataExportWorker" name="test_emits_summary_on_success" time="0.007" /><testcase classname="tests.test_face_metadata_export_worker.TestFaceMetadataExportWorker" name="test_reports_progress" time="0.006" /><testcase classname="tests.test_face_metadata_export_worker.TestFaceMetadataExportWorker" name="test_emits_failed_on_crash" time="0.006" /><testcase classname="tests.test_face_metadata_export_worker.TestFaceMetadataExportWorker" name="test_cancel_delegates_to_token" time="0.003" /><testcase classname="tests.test_face_quality_service" name="test_evaluate_high_quality_face" time="0.009" /><testcase classname="tests.test_face_quality_service" name="test_evaluate_flags_low_confidence" time="0.003" /><testcase classname="tests.test_face_quality_service" name="test_evaluate_flags_too_small" time="0.003" /><testcase classname="tests.test_face_quality_service" name="test_evaluate_flags_bad_aspect_ratio" time="0.003" /><testcase classname="tests.test_face_quality_service" name="test_evaluate_flags_blurry_crop" time="0.010" /><testcase classname="tests.test_face_quality_service" name="test_evaluate_and_update_writes_orm_fields" time="0.003" /><testcase classname="tests.test_face_quality_service" name="test_laplacian_variance_missing_file_returns_none" time="0.003" /><testcase classname="tests.test_face_quality_service" name="test_laplacian_variance_invalid_image_returns_none" time="0.008" /><testcase classname="tests.test_face_quality_service" name="test_laplacian_variance_sharp_image" time="0.009" /><testcase classname="tests.test_face_quality_service" name="test_batch_evaluate_all_persists_and_reports_progress" time="0.391" /><testcase classname="tests.test_face_timeline_view" name="test_empty_when_no_dates" time="0.006" /><testcase classname="tests.test_face_timeline_view" name="test_one_marker_per_dated_group" time="0.007" /><testcase classname="tests.test_face_timeline_view" name="test_bounds_use_birth_and_death" time="0.007" /><testcase classname="tests.test_face_timeline_view" name="test_bounds_fall_back_to_photo_range" time="0.007" /><testcase classname="tests.test_face_timeline_view" name="test_merged_group_marker_has_count_badge" time="0.013" /><testcase classname="tests.test_face_verification_service" name="test_verify_rejects_when_no_face_refound" time="0.005" /><testcase classname="tests.test_face_verification_service" name="test_verify_confirms_overlapping_face" time="0.005" /><testcase classname="tests.test_face_verification_service" name="test_verify_refines_oversized_box" time="0.005" /><testcase classname="tests.test_face_verification_service" name="test_verify_adopts_landmarks_for_landmark_less_detection" time="0.005" /><testcase classname="tests.test_face_verification_service" name="test_verify_rejects_geometrically_implausible_crop" time="0.005" /><testcase classname="tests.test_face_verification_service" name="test_verify_geometry_gate_honours_disable_flag" time="0.005" /><testcase classname="tests.test_face_verification_service" name="test_verifier_unavailable_passes_through" time="0.004" /><testcase classname="tests.test_face_verification_service" name="test_detection_service_drops_unverified_low_confidence" time="0.815" /><testcase classname="tests.test_face_verification_service" name="test_detection_service_keeps_verified_low_confidence" time="0.374" /><testcase classname="tests.test_face_verification_service" name="test_detection_service_exempts_high_confidence" time="0.326" /><testcase classname="tests.test_face_verification_service" name="test_config_loads_verification_fields" time="0.012" /><testcase classname="tests.test_family_code_interpreter.TestParseExtendedCode" name="test_root_person" time="0.004" /><testcase classname="tests.test_family_code_interpreter.TestParseExtendedCode" name="test_spouse" time="0.003" /><testcase classname="tests.test_family_code_interpreter.TestParseExtendedCode" name="test_child" time="0.003" /><testcase classname="tests.test_family_code_interpreter.TestParseExtendedCode" name="test_child_spouse" time="0.003" /><testcase classname="tests.test_family_code_interpreter.TestParseExtendedCode" name="test_grandchild" time="0.003" /><testcase classname="tests.test_family_code_interpreter.TestParseExtendedCode" name="test_great_grandchild" time="0.003" /><testcase classname="tests.test_family_code_interpreter.TestParseExtendedCode" name="test_stepchild_detected" time="0.004" /><testcase classname="tests.test_family_code_interpreter.TestParseExtendedCode" name="test_own_child_not_stepchild" time="0.003" /><testcase classname="tests.test_family_code_interpreter.TestParseExtendedCode" name="test_ancestor_father" time="0.003" /><testcase classname="tests.test_family_code_interpreter.TestParseExtendedCode" name="test_ancestor_mother" time="0.003" /><testcase classname="tests.test_family_code_interpreter.TestParseExtendedCode" name="test_ancestor_paternal_grandfather" time="0.003" /><testcase classname="tests.test_family_code_interpreter.TestParseExtendedCode" name="test_ancestor_paternal_grandmother" time="0.003" /><testcase classname="tests.test_family_code_interpreter.TestParseExtendedCode" name="test_ancestor_maternal_grandfather" time="0.003" /><testcase classname="tests.test_family_code_interpreter.TestParseExtendedCode" name="test_ancestor_maternal_grandmother" time="0.003" /><testcase classname="tests.test_family_code_interpreter.TestParseExtendedCode" name="test_sibling" time="0.003" /><testcase classname="tests.test_family_code_interpreter.TestParseExtendedCode" name="test_sibling_child" time="0.003" /><testcase classname="tests.test_family_code_interpreter.TestParseExtendedCode" name="test_sibling_spouse" time="0.003" /><testcase classname="tests.test_family_code_interpreter.TestParseExtendedCode" name="test_friend" time="0.003" /><testcase classname="tests.test_family_code_interpreter.TestParseExtendedCode" name="test_case_insensitive" time="0.003" /><testcase classname="tests.test_family_code_interpreter.TestParseExtendedCode" name="test_invalid_no_path_before_suffix" time="0.003" /><testcase classname="tests.test_family_code_interpreter.TestParseExtendedCode" name="test_invalid_b_with_digits_after" time="0.003" /><testcase classname="tests.test_family_code_interpreter.TestParseExtendedCode" name="test_invalid_t_with_zero_sibling" time="0.003" /><testcase classname="tests.test_family_code_interpreter.TestParseExtendedCode" name="test_invalid_f_with_digit_3" time="0.003" /><testcase classname="tests.test_family_code_interpreter.TestParseExtendedCode" name="test_invalid_child_off_root_marker" time="0.003" /><testcase classname="tests.test_family_code_interpreter.TestParseExtendedCode" name="test_invalid_spouse_of_spouse" time="0.003" /><testcase classname="tests.test_family_code_interpreter.TestParseExtendedCode" name="test_valid_spouse_of_root" time="0.003" /><testcase classname="tests.test_family_code_interpreter.TestParseExtendedCode" name="test_valid_stepchild_via_spouse" time="0.003" /><testcase classname="tests.test_family_code_interpreter.TestParseExtendedCode" name="test_invalid_empty" time="0.003" /><testcase classname="tests.test_family_code_interpreter.TestDescribeBasePaths" name="test_root_person_cikky" time="0.003" /><testcase classname="tests.test_family_code_interpreter.TestDescribeBasePaths" name="test_spouse_of_cikky" time="0.003" /><testcase classname="tests.test_family_code_interpreter.TestDescribeBasePaths" name="test_8th_child" time="0.003" /><testcase classname="tests.test_family_code_interpreter.TestDescribeBasePaths" name="test_8th_child_spouse" time="0.003" /><testcase classname="tests.test_family_code_interpreter.TestDescribeBasePaths" name="test_8th_child_1st_grandchild" time="0.003" /><testcase classname="tests.test_family_code_interpreter.TestDescribeBasePaths" name="test_grandchild_spouse" time="0.003" /><testcase classname="tests.test_family_code_interpreter.TestDescribeBasePaths" name="test_great_grandchild" time="0.003" /><testcase classname="tests.test_family_code_interpreter.TestDescribeBasePaths" name="test_own_child_not_stepchild" time="0.003" /><testcase classname="tests.test_family_code_interpreter.TestDescribeBasePaths" name="test_stepchild_annotation" time="0.003" /><testcase classname="tests.test_family_code_interpreter.TestDescribeAncestors" name="test_father" time="0.003" /><testcase classname="tests.test_family_code_interpreter.TestDescribeAncestors" name="test_mother" time="0.003" /><testcase classname="tests.test_family_code_interpreter.TestDescribeAncestors" name="test_paternal_grandfather" time="0.003" /><testcase classname="tests.test_family_code_interpreter.TestDescribeAncestors" name="test_paternal_grandmother" time="0.003" /><testcase classname="tests.test_family_code_interpreter.TestDescribeAncestors" name="test_maternal_grandfather" time="0.003" /><testcase classname="tests.test_family_code_interpreter.TestDescribeAncestors" name="test_maternal_grandmother" time="0.003" /><testcase classname="tests.test_family_code_interpreter.TestDescribeAncestors" name="test_spouse_father" time="0.003" /><testcase classname="tests.test_family_code_interpreter.TestDescribeAncestors" name="test_spouse_mother" time="0.003" /><testcase classname="tests.test_family_code_interpreter.TestDescribeAncestors" name="test_child_spouse_father" time="0.003" /><testcase classname="tests.test_family_code_interpreter.TestDescribeAncestors" name="test_grandchild_spouse_mother" time="0.003" /><testcase classname="tests.test_family_code_interpreter.TestDescribeAncestors" name="test_deep_ancestor_depth3" time="0.003" /><testcase classname="tests.test_family_code_interpreter.TestDescribeAncestors" name="test_deep_ancestor_depth4" time="0.003" /><testcase classname="tests.test_family_code_interpreter.TestDescribeSiblings" name="test_first_sibling" time="0.003" /><testcase classname="tests.test_family_code_interpreter.TestDescribeSiblings" name="test_second_sibling" time="0.003" /><testcase classname="tests.test_family_code_interpreter.TestDescribeSiblings" name="test_sibling_spouse" time="0.003" /><testcase classname="tests.test_family_code_interpreter.TestDescribeSiblings" name="test_sibling_child" time="0.003" /><testcase classname="tests.test_family_code_interpreter.TestDescribeFriends" name="test_single_friend" time="0.003" /><testcase classname="tests.test_family_code_interpreter.TestDescribeFriends" name="test_multi_comma" time="0.003" /><testcase classname="tests.test_family_code_interpreter.TestDescribeFriends" name="test_multi_space" time="0.003" /><testcase classname="tests.test_family_code_interpreter.TestDescribeFriends" name="test_multi_comma_space" time="0.003" /><testcase classname="tests.test_family_code_interpreter.TestRangeNotation" name="test_expand_range" time="0.003" /><testcase classname="tests.test_family_code_interpreter.TestRangeNotation" name="test_expand_short_range" time="0.003" /><testcase classname="tests.test_family_code_interpreter.TestRangeNotation" name="test_expand_backwards_returns_empty" time="0.003" /><testcase classname="tests.test_family_code_interpreter.TestRangeNotation" name="test_describe_range" time="0.003" /><testcase classname="tests.test_family_code_interpreter.TestRangeNotation" name="test_describe_two_element_range" time="0.003" /><testcase classname="tests.test_family_code_interpreter.TestRangeNotation" name="test_describe_single_element_range" time="0.003" /><testcase classname="tests.test_family_code_interpreter.TestValidateExtendedCode" name="test_valid_simple_codes" time="0.003" /><testcase classname="tests.test_family_code_interpreter.TestValidateExtendedCode" name="test_valid_ancestor_codes" time="0.003" /><testcase classname="tests.test_family_code_interpreter.TestValidateExtendedCode" name="test_valid_sibling_codes" time="0.004" /><testcase classname="tests.test_family_code_interpreter.TestValidateExtendedCode" name="test_valid_friend_codes" time="0.003" /><testcase classname="tests.test_family_code_interpreter.TestValidateExtendedCode" name="test_valid_range" time="0.003" /><testcase classname="tests.test_family_code_interpreter.TestValidateExtendedCode" name="test_valid_multi_code" time="0.003" /><testcase classname="tests.test_family_code_interpreter.TestValidateExtendedCode" name="test_invalid_b_with_number" time="0.003" /><testcase classname="tests.test_family_code_interpreter.TestValidateExtendedCode" name="test_invalid_empty" time="0.003" /><testcase classname="tests.test_family_code_interpreter.TestValidateExtendedCode" name="test_lowercase_normalised" time="0.003" /><testcase classname="tests.test_family_code_interpreter.TestDefaultRootPersons" name="test_all_four_roots_registered" time="0.003" /><testcase classname="tests.test_family_code_interpreter.TestDefaultRootPersons" name="test_cikky" time="0.003" /><testcase classname="tests.test_family_code_interpreter.TestDefaultRootPersons" name="test_gabor" time="0.003" /><testcase classname="tests.test_family_code_interpreter.TestDefaultRootPersons" name="test_jerne" time="0.003" /><testcase classname="tests.test_family_code_interpreter.TestDefaultRootPersons" name="test_ildi" time="0.003" /><testcase classname="tests.test_family_code_interpreter.TestDefaultRootPersons" name="test_root_descendant" time="0.003" /><testcase classname="tests.test_family_code_interpreter.TestDefaultRootPersons" name="test_root_ancestor" time="0.003" /><testcase classname="tests.test_family_code_interpreter.TestDefaultRootPersons" name="test_root_spouse" time="0.003" /><testcase classname="tests.test_family_code_interpreter.TestCustomRootNames" name="test_override_root_name" time="0.003" /><testcase classname="tests.test_family_code_interpreter.TestCustomRootNames" name="test_unknown_root_shows_letter" time="0.003" /><testcase classname="tests.test_family_code_interpreter.TestCustomRootNames" name="test_i_and_j_roots" time="0.003" /><testcase classname="tests.test_family_code_interpreter.TestMultiSpouseSuffix" name="test_parse_first_spouse" time="0.003" /><testcase classname="tests.test_family_code_interpreter.TestMultiSpouseSuffix" name="test_parse_second_spouse" time="0.003" /><testcase classname="tests.test_family_code_interpreter.TestMultiSpouseSuffix" name="test_parse_spouse_brought_child" time="0.003" /><testcase classname="tests.test_family_code_interpreter.TestMultiSpouseSuffix" name="test_describe_first_spouse" time="0.003" /><testcase classname="tests.test_family_code_interpreter.TestMultiSpouseSuffix" name="test_describe_second_spouse" time="0.004" /><testcase classname="tests.test_family_code_interpreter.TestMultiSpouseSuffix" name="test_describe_spouse_brought_child" time="0.003" /><testcase classname="tests.test_family_code_interpreter.TestMultiSpouseSuffix" name="test_root_spouse_h" time="0.003" /><testcase classname="tests.test_family_code_interpreter.TestMultiSpouseSuffix" name="test_zero_spouse_still_valid" time="0.003" /><testcase classname="tests.test_family_code_interpreter.TestMultiSpouseSuffix" name="test_validate_h_codes" time="0.003" /><testcase classname="tests.test_family_code_interpreter.TestMultiSpouseSuffix" name="test_invalid_h_zero_spouse_index" time="0.003" /><testcase classname="tests.test_family_code_interpreter.TestParentBraces" name="test_parse_brace" time="0.004" /><testcase classname="tests.test_family_code_interpreter.TestParentBraces" name="test_parse_brace_first_spouse" time="0.003" /><testcase classname="tests.test_family_code_interpreter.TestParentBraces" name="test_describe_brace_second_spouse" time="0.003" /><testcase classname="tests.test_family_code_interpreter.TestParentBraces" name="test_describe_brace_first_spouse" time="0.003" /><testcase classname="tests.test_family_code_interpreter.TestParentBraces" name="test_brace_canonical_form" time="0.003" /><testcase classname="tests.test_family_code_interpreter.TestParentBraces" name="test_brace_must_precede_child" time="0.003" /><testcase classname="tests.test_family_code_interpreter.TestParentBraces" name="test_brace_not_before_spouse_zero" time="0.003" /><testcase classname="tests.test_family_code_interpreter.TestExternalCodes" name="test_parse_root" time="0.003" /><testcase classname="tests.test_family_code_interpreter.TestExternalCodes" name="test_parse_spouse" time="0.003" /><testcase classname="tests.test_family_code_interpreter.TestExternalCodes" name="test_parse_child" time="0.003" /><testcase classname="tests.test_family_code_interpreter.TestExternalCodes" name="test_parse_grandchild" time="0.003" /><testcase classname="tests.test_family_code_interpreter.TestExternalCodes" name="test_root_case_preserved" time="0.003" /><testcase classname="tests.test_family_code_interpreter.TestExterna
[...]
="test_centroid_empty_raises" time="0.004" /><testcase classname="tests.test_suggestion_service.TestGenerateSuggestions" name="test_unknown_matched_to_correct_person" time="0.579" /><testcase classname="tests.test_suggestion_service.TestGenerateSuggestions" name="test_no_suggestion_below_threshold" time="0.458" /><testcase classname="tests.test_suggestion_service.TestGenerateSuggestions" name="test_config_threshold_controls_output" time="0.380" /><testcase classname="tests.test_suggestion_service.TestGenerateSuggestions" name="test_multiple_matches_are_ranked" time="0.450" /><testcase classname="tests.test_suggestion_service.TestGenerateSuggestions" name="test_no_named_persons_yields_no_suggestions" time="0.434" /><testcase classname="tests.test_suggestion_service.TestFaceFiltering" name="test_excluded_and_unembedded_faces_ignored" time="0.442" /><testcase classname="tests.test_suggestion_service.TestFaceFiltering" name="test_person_with_only_excluded_faces_is_not_a_candidate" time="0.591" /><testcase classname="tests.test_suggestion_service.TestApproveReject" name="test_rejected_pair_is_not_resuggested" time="0.476" /><testcase classname="tests.test_suggestion_service.TestApproveReject" name="test_reject_records_different_correction" time="0.557" /><testcase classname="tests.test_suggestion_service.TestApproveReject" name="test_approve_merges_unknown_into_named" time="0.429" /><testcase classname="tests.test_task_manager" name="test_priority_ordering" time="0.005" /><testcase classname="tests.test_task_manager" name="test_high_priority_preempts_running_low" time="0.005" /><testcase classname="tests.test_task_manager" name="test_preempted_task_auto_resumes" time="0.004" /><testcase classname="tests.test_task_manager" name="test_non_pausable_low_is_not_preempted" time="0.004" /><testcase classname="tests.test_task_manager" name="test_manual_pause_frees_slot_and_resume_waits" time="0.006" /><testcase classname="tests.test_task_manager" name="test_resume_reclaims_slot_from_lower_priority" time="0.005" /><testcase classname="tests.test_task_manager" name="test_set_priority_reorders_queue" time="0.005" /><testcase classname="tests.test_task_manager" name="test_counts_and_active_count" time="0.004" /><testcase classname="tests.test_task_manager" name="test_transient_task_not_kept_in_history" time="0.005" /><testcase classname="tests.test_task_manager" name="test_cancel_queued_task" time="0.004" /><testcase classname="tests.test_task_manager" name="test_auto_cleanup_finished_tasks" time="0.006" /><testcase classname="tests.test_tflite_embedder.TestLoadTfliteBackendSelection" name="test_ai_edge_litert_preferred" time="5.488" /><testcase classname="tests.test_tflite_embedder.TestLoadTfliteBackendSelection" name="test_tflite_runtime_fallback" time="0.028" /><testcase classname="tests.test_tflite_embedder.TestLoadTfliteBackendSelection" name="test_tensorflow_fallback" time="0.021" /><testcase classname="tests.test_tflite_embedder.TestLoadTfliteBackendSelection" name="test_no_backend_raises_import_error" time="0.015" /><testcase classname="tests.test_tflite_embedder.TestLoadTfliteBackendSelection" name="test_error_message_includes_attempted_backends" time="0.013" /><testcase classname="tests.test_tflite_embedder.TestEmbedBatch" name="test_batch_matches_serial" time="0.167" /><testcase classname="tests.test_tflite_embedder.TestEmbedBatch" name="test_empty_batch_returns_empty" time="0.013" /><testcase classname="tests.test_tflite_embedder.TestHOGFallback" name="test_embed_returns_normalized_vector" time="0.004" /><testcase classname="tests.test_theme.TestTheme" name="test_apply_palette_sets_colors" time="0.019" /><testcase classname="tests.test_theme.TestTheme" name="test_apply_theme_sets_stylesheet" time="2.141" /><testcase classname="tests.test_thumbnail_cache" name="test_missing_path_returns_none" time="0.010" /><testcase classname="tests.test_thumbnail_cache" name="test_loads_and_caches" time="0.012" /><testcase classname="tests.test_thumbnail_cache" name="test_different_size_is_separate_entry" time="0.012" /><testcase classname="tests.test_thumbnail_cache" name="test_mtime_change_invalidates" time="0.024" /><testcase classname="tests.test_thumbnail_worker.TestThumbnailRunnable" name="test_emits_ready_with_scaled_image" time="0.012" /><testcase classname="tests.test_thumbnail_worker.TestThumbnailRunnable" name="test_failed_when_image_missing" time="0.013" /><testcase classname="tests.test_thumbnail_worker.TestThumbnailRunnable" name="test_failed_on_zero_dimensions" time="0.011" /><testcase classname="tests.test_thumbnail_worker.TestThumbnailRunnable" name="test_failed_on_exception" time="0.005" /><testcase classname="tests.test_ui_dialogs_smoke" name="test_dialog_module_smoke[ai_visualization_window]" time="0.397" /><testcase classname="tests.test_ui_dialogs_smoke" name="test_dialog_module_smoke[auto_assignments_tab]" time="0.431" /><testcase classname="tests.test_ui_dialogs_smoke" name="test_dialog_module_smoke[auto_merge_review_dialog]" time="0.489" /><testcase classname="tests.test_ui_dialogs_smoke" name="test_dialog_module_smoke[collage_node_dialog]" time="0.436" /><testcase classname="tests.test_ui_dialogs_smoke" name="test_dialog_module_smoke[export_dialog]" time="1.100" /><testcase classname="tests.test_ui_dialogs_smoke" name="test_dialog_module_smoke[face_diagnostics_dialog]" time="0.394" /><testcase classname="tests.test_ui_dialogs_smoke" name="test_dialog_module_smoke[face_image_export_dialog]" time="0.587" /><testcase classname="tests.test_ui_dialogs_smoke" name="test_dialog_module_smoke[family_code_scheme_dialog]" time="0.869" /><testcase classname="tests.test_ui_dialogs_smoke" name="test_dialog_module_smoke[gdrive_settings_tab]" time="0.692" /><testcase classname="tests.test_ui_dialogs_smoke" name="test_dialog_module_smoke[group_manager_dialog]" time="0.481" /><testcase classname="tests.test_ui_dialogs_smoke" name="test_dialog_module_smoke[identity_repair_dialog]" time="0.552" /><testcase classname="tests.test_ui_dialogs_smoke" name="test_dialog_module_smoke[ignored_faces_dialog]" time="1.067" /><testcase classname="tests.test_ui_dialogs_smoke" name="test_dialog_module_smoke[image_library_dialog]" time="0.430" /><testcase classname="tests.test_ui_dialogs_smoke" name="test_dialog_module_smoke[manual_face_dialog]" time="0.506" /><testcase classname="tests.test_ui_dialogs_smoke" name="test_dialog_module_smoke[merge_decision_graph_dialog]" time="0.893" /><testcase classname="tests.test_ui_dialogs_smoke" name="test_dialog_module_smoke[merge_dialog]" time="0.399" /><testcase classname="tests.test_ui_dialogs_smoke" name="test_dialog_module_smoke[move_faces_dialog]" time="0.402" /><testcase classname="tests.test_ui_dialogs_smoke" name="test_dialog_module_smoke[object_info_dialog]" time="0.724" /><testcase classname="tests.test_ui_dialogs_smoke" name="test_dialog_module_smoke[object_merge_dialog]" time="0.390" /><testcase classname="tests.test_ui_dialogs_smoke" name="test_dialog_module_smoke[object_picker_dialog]" time="0.542" /><testcase classname="tests.test_ui_dialogs_smoke" name="test_dialog_module_smoke[overlapping_unknown_faces_dialog]" time="0.666" /><testcase classname="tests.test_ui_dialogs_smoke" name="test_dialog_module_smoke[person_info_dialog]" time="0.468" /><testcase classname="tests.test_ui_dialogs_smoke" name="test_dialog_module_smoke[place_edit_dialog]" time="0.547" /><testcase classname="tests.test_ui_dialogs_smoke" name="test_dialog_module_smoke[place_merge_dialog]" time="0.633" /><testcase classname="tests.test_ui_dialogs_smoke" name="test_dialog_module_smoke[rename_dialog]" time="0.539" /><testcase classname="tests.test_ui_dialogs_smoke" name="test_dialog_module_smoke[rerecognition_history_dialog]" time="0.441" /><testcase classname="tests.test_ui_dialogs_smoke" name="test_dialog_module_smoke[rerecognition_review_dialog]" time="0.839" /><testcase classname="tests.test_ui_dialogs_smoke" name="test_dialog_module_smoke[scan_modes_dialog]" time="0.484" /><testcase classname="tests.test_ui_dialogs_smoke" name="test_dialog_module_smoke[settings_dialog]" time="0.953" /><testcase classname="tests.test_ui_dialogs_smoke" name="test_dialog_module_smoke[shortcuts_settings_tab]" time="0.885" /><testcase classname="tests.test_ui_dialogs_smoke" name="test_dialog_module_smoke[suggestion_dialog]" time="0.509" /><testcase classname="tests.test_ui_dialogs_smoke" name="test_dialog_module_smoke[suggestion_viewer]" time="0.397" /><testcase classname="tests.test_ui_dialogs_smoke" name="test_dialog_module_smoke[task_manager_dialog]" time="0.898" /><testcase classname="tests.test_ui_dialogs_smoke" name="test_dialog_module_smoke[tpu_status_dialog]" time="0.793" /><testcase classname="tests.test_ui_dialogs_smoke" name="test_dialog_module_smoke[update_dialog]" time="0.701" /><testcase classname="tests.test_ui_dialogs_smoke" name="test_overlapping_match_dataclass_importable" time="0.003" /><testcase classname="tests.test_ui_panels_smoke" name="test_panel_module_smoke[collage_panel]" time="0.008" /><testcase classname="tests.test_ui_panels_smoke" name="test_panel_module_smoke[family_search_panel]" time="0.023" /><testcase classname="tests.test_ui_panels_smoke" name="test_panel_module_smoke[groups_panel]" time="0.017" /><testcase classname="tests.test_ui_panels_smoke" name="test_panel_module_smoke[locations_panel]" time="0.046" /><testcase classname="tests.test_ui_panels_smoke" name="test_panel_module_smoke[log_panel]" time="0.006" /><testcase classname="tests.test_ui_panels_smoke" name="test_panel_module_smoke[objects_panel]" time="0.285" /><testcase classname="tests.test_ui_panels_smoke" name="test_panel_module_smoke[preview_panel]" time="0.020" /><testcase classname="tests.test_ui_panels_smoke" name="test_panel_module_smoke[sidebar_panel]" time="0.031" /><testcase classname="tests.test_ui_panels_smoke" name="test_preview_panel_accepts_config" time="0.012" /><testcase classname="tests.test_ui_panels_smoke" name="test_objects_panel_imports_cleanly" time="0.004" /><testcase classname="tests.test_ui_panels_smoke" name="test_collage_panel_has_empty_state" time="0.008" /><testcase classname="tests.test_ui_widgets_smoke" name="test_widget_module_smoke[address_autocomplete_edit]" time="0.006" /><testcase classname="tests.test_ui_widgets_smoke" name="test_widget_module_smoke[audio_level_meter]" time="0.004" /><testcase classname="tests.test_ui_widgets_smoke" name="test_widget_module_smoke[collapsible_section]" time="0.005" /><testcase classname="tests.test_ui_widgets_smoke" name="test_widget_module_smoke[face_timeline_view]" time="0.005" /><testcase classname="tests.test_ui_widgets_smoke" name="test_widget_module_smoke[flow_layout]" time="0.004" /><testcase classname="tests.test_ui_widgets_smoke" name="test_widget_module_smoke[group_chip_select]" time="0.007" /><testcase classname="tests.test_ui_widgets_smoke" name="test_widget_module_smoke[object_gallery_widget]" time="0.007" /><testcase classname="tests.test_ui_widgets_smoke" name="test_widget_module_smoke[person_search_select]" time="0.007" /><testcase classname="tests.test_ui_widgets_smoke" name="test_widget_module_smoke[place_gallery_widget]" time="0.009" /><testcase classname="tests.test_ui_widgets_smoke" name="test_widget_module_smoke[place_map_picker_widget]" time="0.005" /><testcase classname="tests.test_ui_widgets_smoke" name="test_widget_module_smoke[place_map_widget]" time="0.005" /><testcase classname="tests.test_ui_widgets_smoke" name="test_widget_module_smoke[place_search_select]" time="0.007" /><testcase classname="tests.test_ui_widgets_smoke" name="test_widget_module_smoke[recording_controls]" time="0.005" /><testcase classname="tests.test_ui_widgets_smoke" name="test_widget_module_smoke[selectable_face_grid]" time="0.006" /><testcase classname="tests.test_ui_widgets_smoke" name="test_widget_module_smoke[universal_search_bar]" time="0.011" /><testcase classname="tests.test_ui_widgets_smoke" name="test_place_search_select_accepts_places" time="0.007" /><testcase classname="tests.test_ui_widgets_smoke" name="test_universal_search_bar_empty_tokens" time="0.011" /><testcase classname="tests.test_unknown_merge_service" name="test_scatter_moves_siblings_keeps_selected_manual" time="0.690" /><testcase classname="tests.test_unknown_merge_service" name="test_pending_records_source_and_cleans_unknown" time="0.504" /><testcase classname="tests.test_unknown_merge_service" name="test_named_source_does_not_scatter" time="0.539" /><testcase classname="tests.test_unknown_merge_service" name="test_protected_catchall_does_not_scatter" time="0.456" /><testcase classname="tests.test_unknown_merge_service" name="test_auto_confirm_high_similarity_clears_only_matching" time="0.450" /><testcase classname="tests.test_unknown_merge_service" name="test_auto_confirm_needs_reference_face" time="0.597" /><testcase classname="tests.test_unknown_merge_service" name="test_auto_confirm_disabled_keeps_pending" time="0.505" /><testcase classname="tests.test_unknown_merge_service" name="test_confirm_auto_merge_clears_markers" time="0.545" /><testcase classname="tests.test_unknown_merge_service" name="test_move_auto_merge_clears_markers" time="0.632" /><testcase classname="tests.test_unknown_merge_service" name="test_bulk_reassign_clears_pending" time="0.570" /><testcase classname="tests.test_unknown_merge_service" name="test_list_and_count_pending" time="0.773" /><testcase classname="tests.test_unknown_merge_service" name="test_pending_face_gets_decision_graph" time="0.516" /><testcase classname="tests.test_unknown_merge_service" name="test_list_pending_exposes_decision_and_bbox" time="0.706" /><testcase classname="tests.test_unknown_merge_service" name="test_decision_recorded_when_auto_merge_disabled" time="0.595" /><testcase classname="tests.test_unknown_merge_service" name="test_old_row_without_decision_is_tolerated" time="0.589" /><testcase classname="tests.test_unknown_merge_service" name="test_delete_face_removes_row" time="0.728" /><testcase classname="tests.test_unknown_merge_service" name="test_reject_to_unknown_recreates_source_cluster" time="6.221" /><testcase classname="tests.test_unknown_merge_service" name="test_reject_to_unknown_reuses_surviving_source" time="0.464" /><testcase classname="tests.test_unknown_merge_service" name="test_reject_to_unknown_falls_back_to_new_name" time="0.531" /><testcase classname="tests.test_unknown_person_reset_service" name="test_reset_deletes_auto_named_persons_and_unassigns_their_faces" time="0.389" /><testcase classname="tests.test_unknown_person_reset_service" name="test_reset_is_a_noop_without_auto_named_persons" time="0.420" /><testcase classname="tests.test_unknown_person_reset_service" name="test_delete_face_data_hard_deletes_the_unknown_faces" time="0.407" /><testcase classname="tests.test_unknown_person_reset_service" name="test_delete_face_data_does_not_require_unassigning" time="0.517" /><testcase classname="tests.test_unknown_person_reset_service" name="test_delete_face_data_unlinks_crop_files" time="0.430" /><testcase classname="tests.test_unknown_person_reset_service" name="test_delete_face_data_off_keeps_the_face_rows" time="0.709" /><testcase classname="tests.test_unknown_person_reset_service" name="test_reset_with_every_option_off_changes_nothing" time="0.412" /><testcase classname="tests.test_update_service" name="test_parse_version[1.2.3-expected0]" time="0.004" /><testcase classname="tests.test_update_service" name="test_parse_version[v2.0.1-expected1]" time="0.004" /><testcase classname="tests.test_update_service" name="test_parse_version[bad-expected2]" time="0.003" /><testcase classname="tests.test_update_service" name="test_parse_version[1.2-expected3]" time="0.003" /><testcase classname="tests.test_update_service" name="test_is_newer[1.2.3-1.2.2-True]" time="0.004" /><testcase classname="tests.test_update_service" name="test_is_newer[1.2.3-1.2.3-False]" time="0.003" /><testcase classname="tests.test_update_service" name="test_is_newer[1.2.2-1.2.3-False]" time="0.004" /><testcase classname="tests.test_update_service" name="test_is_newer[v2.0.0-1.9.9-True]" time="0.004" /><testcase classname="tests.test_update_service" name="test_pick_asset_macos_dmg_preferred" time="0.003" /><testcase classname="tests.test_update_service" name="test_pick_asset_windows_exe_preferred" time="0.003" /><testcase classname="tests.test_update_service" name="test_pick_asset_linux_arch_match" time="0.003" /><testcase classname="tests.test_update_service" name="test_pick_asset_no_match_returns_none" time="0.004" /><testcase classname="tests.test_update_service" name="test_fetch_latest_release_success" time="0.005" /><testcase classname="tests.test_update_service" name="test_fetch_latest_release_network_error_returns_none" time="0.005" /><testcase classname="tests.test_update_service" name="test_fetch_latest_release_no_matching_asset_returns_none" time="0.005" /><testcase classname="tests.test_windows_display_probe" name="test_merge_joins_on_device_name" time="0.003" /><testcase classname="tests.test_windows_display_probe" name="test_merge_falls_back_to_matching_rectangle" time="0.003" /><testcase classname="tests.test_windows_display_probe" name="test_merge_falls_back_to_ordinal_when_counts_match" time="0.003" /><testcase classname="tests.test_windows_display_probe" name="test_merge_leaves_unmatched_monitor_unknown" time="0.004" /><testcase classname="tests.test_windows_display_probe" name="test_override_wins_over_automatic_match" time="0.003" /><testcase classname="tests.test_windows_display_probe" name="test_malformed_override_is_ignored" time="0.005" /><testcase classname="tests.test_windows_display_probe" name="test_merge_does_not_mutate_its_input" time="0.003" /><testcase classname="tests.test_windows_display_probe" name="test_virtual_desktop_rect_spans_every_monitor" time="0.003" /><testcase classname="tests.test_windows_display_probe" name="test_virtual_desktop_rect_without_monitors" time="0.003" /><testcase classname="tests.test_yunet_detector.TestYuNetParsing" name="test_missing_model_raises" time="0.003" /><testcase classname="tests.test_yunet_detector.TestYuNetParsing" name="test_backend_name" time="0.003" /><testcase classname="tests.test_yunet_detector.TestYuNetParsing" name="test_none_result_returns_empty" time="0.004" /><testcase classname="tests.test_yunet_detector.TestYuNetParsing" name="test_landmarks_parsed_in_arcface_order" time="0.004" /><testcase classname="tests.test_yunet_detector.TestYuNetParsing" name="test_input_size_and_threshold_pushed_to_net" time="0.003" /><testcase classname="tests.test_yunet_detector.TestYuNetParsing" name="test_small_faces_filtered" time="0.004" /><testcase classname="tests.test_yunet_detector.TestYuNetGeometry" name="test_geometry_keeps_valid_landmarks" time="0.004" /><testcase classname="tests.test_yunet_detector.TestYuNetGeometry" name="test_geometry_rejects_scrambled_landmarks" time="0.004" /><testcase classname="tests.test_yunet_detector.TestYuNetGeometry" name="test_geometry_disabled_keeps_scrambled" time="0.004" /><testcase classname="tests.test_yunet_detector.TestYuNetRealModel" name="test_loads_and_runs" time="0.019"><skipped type="pytest.skip" message="OpenCV 4.6.0 cannot run the YuNet ONNX smoke test on this runner: OpenCV(4.6.0) D:\a\opencv-python\opencv-python\opencv\modules\dnn\src\net_impl.cpp:280: error: (-204:Requested object was not found) Layer with requested id=-1 not found in function 'cv::dnn::dnn4_v20220524::Net::Impl::getLayerData'">C:\GitRunner\actions-runner\_work\local_ai_face_recognizer\local_ai_face_recognizer\tests\test_yunet_detector.py:159: OpenCV 4.6.0 cannot run the YuNet ONNX smoke test on this runner: OpenCV(4.6.0) D:\a\opencv-python\opencv-python\opencv\modules\dnn\src\net_impl.cpp:280: error: (-204:Requested object was not found) Layer with requested id=-1 not found in function 'cv::dnn::dnn4_v20220524::Net::Impl::getLayerData'</skipped></testcase></testsuite></testsuites>